
2022-04-06 19:22:08...installerHook: Info: custom/install/install_hooks.php not present, no custom hooks to execute
2022-04-06 19:22:22...installerHook: Info: custom/install/install_hooks.php not present, no custom hooks to execute
2022-04-06 19:23:23...installerHook: Info: custom/install/install_hooks.php not present, no custom hooks to execute
2022-04-06 19:24:08...installerHook: Info: custom/install/install_hooks.php not present, no custom hooks to execute
2022-04-06 19:24:23...installerHook: Info: custom/install/install_hooks.php not present, no custom hooks to execute
2022-04-06 19:25:24...installerHook: Info: custom/install/install_hooks.php not present, no custom hooks to execute
2022-04-06 19:26:08...installerHook: Info: custom/install/install_hooks.php not present, no custom hooks to execute
2022-04-06 19:26:25...installerHook: Info: custom/install/install_hooks.php not present, no custom hooks to execute
2022-04-06 19:28:08...installerHook: Info: custom/install/install_hooks.php not present, no custom hooks to execute
2022-04-06 19:28:08...installerHook: Info: custom/install/install_hooks.php not present, no custom hooks to execute
2022-04-06 19:30:08...installerHook: Info: custom/install/install_hooks.php not present, no custom hooks to execute
2022-04-06 19:30:08...installerHook: Info: custom/install/install_hooks.php not present, no custom hooks to execute
2022-04-06 19:31:08...installerHook: Info: custom/install/install_hooks.php not present, no custom hooks to execute
2022-04-06 19:32:08...installerHook: Info: custom/install/install_hooks.php not present, no custom hooks to execute
2022-04-06 19:33:08...installerHook: Info: custom/install/install_hooks.php not present, no custom hooks to execute
2022-04-06 19:34:08...installerHook: Info: custom/install/install_hooks.php not present, no custom hooks to execute
2022-04-06 19:35:08...installerHook: Info: custom/install/install_hooks.php not present, no custom hooks to execute
2022-04-06 19:36:08...installerHook: Info: custom/install/install_hooks.php not present, no custom hooks to execute
2022-04-06 19:36:08...installerHook: Info: custom/install/install_hooks.php not present, no custom hooks to execute
2022-04-06 19:37:08...installerHook: Info: custom/install/install_hooks.php not present, no custom hooks to execute
2022-04-06 20:52:09...installerHook: Info: custom/install/install_hooks.php not present, no custom hooks to execute
2022-04-06 20:54:09...installerHook: Info: custom/install/install_hooks.php not present, no custom hooks to execute
2022-04-06 20:55:09...installerHook: Info: custom/install/install_hooks.php not present, no custom hooks to execute
2022-04-06 20:55:11...installerHook: Info: custom/install/install_hooks.php not present, no custom hooks to execute
2022-04-06 20:56:10...installerHook: Info: custom/install/install_hooks.php not present, no custom hooks to execute
2022-04-06 20:56:21...installerHook: Info: custom/install/install_hooks.php not present, no custom hooks to execute
2022-04-06 20:56:24...installerHook: Info: custom/install/install_hooks.php not present, no custom hooks to execute
2022-04-06 20:56:27...installerHook: Info: custom/install/install_hooks.php not present, no custom hooks to execute
2022-04-06 20:56:39...installerHook: Info: custom/install/install_hooks.php not present, no custom hooks to execute
2022-04-06 20:56:51...Begin System Check Process *************
2022-04-06 20:56:51...XML Parsing Support Found
2022-04-06 20:56:51...JSON Parsing Support Found
2022-04-06 20:56:51...MBString Support Found
2022-04-06 20:56:51...ZIP Support Found
2022-04-06 20:56:51.../custom directory and subdirectory check passed
2022-04-06 20:56:51...cache directory and subdirectory check passed
2022-04-06 20:56:51.../module  directory and subdirectory check passed
2022-04-06 20:56:51.../upload directory check passed
2022-04-06 20:56:51.../zip check passed
2022-04-06 20:56:51...PCRE version check passed
2022-04-06 20:56:51...installerHook: Info: custom/install/install_hooks.php not present, no custom hooks to execute
2022-04-06 20:56:51...php.ini location found. /opt/phpbrew/php/php-8.0.12/etc/php.ini
2022-04-06 20:56:51...Outputting HTML for System check
2022-04-06 20:56:51...No Errors were found *************
2022-04-06 20:56:52...installerHook: Info: custom/install/install_hooks.php not present, no custom hooks to execute
2022-04-07 05:14:11...installerHook: Info: custom/install/install_hooks.php not present, no custom hooks to execute
2022-04-07 05:14:30...Begin DB Check Process *************
2022-04-07 05:14:30...testing with mysql:mysqli
2022-04-07 05:14:30...Basic form info is valid, continuing Process.
2022-04-07 05:14:30...Testing user account...
2022-04-07 05:14:30...Connection made using  host: localhost, usr: root
2022-04-07 05:14:30...SUCCESS:: no errors detected!
2022-04-07 05:14:30...End DB Check Process *************
2022-04-07 05:14:30...installerHook: Info: custom/install/install_hooks.php not present, no custom hooks to execute
2022-04-07 05:14:30...calling handleSugarConfig()
2022-04-07 05:14:30...calling handleHtaccess()
2022-04-07 05:14:30...calling handleDbCreateDatabase()
2022-04-07 05:14:32...looping through all the Beans and create their tables
2022-04-07 05:14:32...processing table acl_actions
2022-04-07 05:14:32...creating table acl_actions
2022-04-07 05:14:32...creating Relationship Meta for ACLAction
2022-04-07 05:14:32...processing table acl_roles
2022-04-07 05:14:32...creating table acl_roles
2022-04-07 05:14:32...creating Relationship Meta for ACLRole
2022-04-07 05:14:32...processing table relationships
2022-04-07 05:14:32...creating table relationships
2022-04-07 05:14:32...creating Relationship Meta for Relationship
2022-04-07 05:14:32...processing table leads
2022-04-07 05:14:33...creating table leads
2022-04-07 05:14:33...creating Relationship Meta for Lead
2022-04-07 05:14:33...processing table cases
2022-04-07 05:14:33...creating table cases
2022-04-07 05:14:33...creating Relationship Meta for Case
2022-04-07 05:14:33...processing table bugs
2022-04-07 05:14:33...creating table bugs
2022-04-07 05:14:33...creating Relationship Meta for Bug
2022-04-07 05:14:33...processing table users
2022-04-07 05:14:33...creating table users
2022-04-07 05:14:33...creating Relationship Meta for User
2022-04-07 05:14:33...processing table campaign_log
2022-04-07 05:14:33...creating table campaign_log
2022-04-07 05:14:33...creating Relationship Meta for CampaignLog
2022-04-07 05:14:33...processing table project
2022-04-07 05:14:33...creating table project
2022-04-07 05:14:33...creating Relationship Meta for Project
2022-04-07 05:14:33...processing table project_task
2022-04-07 05:14:33...creating table project_task
2022-04-07 05:14:33...creating Relationship Meta for ProjectTask
2022-04-07 05:14:33...processing table campaigns
2022-04-07 05:14:33...creating table campaigns
2022-04-07 05:14:33...creating Relationship Meta for Campaign
2022-04-07 05:14:34...processing table prospect_lists
2022-04-07 05:14:34...creating table prospect_lists
2022-04-07 05:14:34...creating Relationship Meta for ProspectList
2022-04-07 05:14:34...processing table prospects
2022-04-07 05:14:34...creating table prospects
2022-04-07 05:14:34...creating Relationship Meta for Prospect
2022-04-07 05:14:34...processing table email_marketing
2022-04-07 05:14:34...creating table email_marketing
2022-04-07 05:14:34...creating Relationship Meta for EmailMarketing
2022-04-07 05:14:34...processing table campaign_trkrs
2022-04-07 05:14:34...creating table campaign_trkrs
2022-04-07 05:14:34...creating Relationship Meta for CampaignTracker
2022-04-07 05:14:34...processing table releases
2022-04-07 05:14:34...creating table releases
2022-04-07 05:14:34...creating Relationship Meta for Release
2022-04-07 05:14:34...processing table emailman
2022-04-07 05:14:34...creating table emailman
2022-04-07 05:14:34...creating Relationship Meta for EmailMan
2022-04-07 05:14:34...processing table schedulers
2022-04-07 05:14:34...creating table schedulers
2022-04-07 05:14:34...creating Relationship Meta for Scheduler
2022-04-07 05:14:34...processing table job_queue
2022-04-07 05:14:34...creating table job_queue
2022-04-07 05:14:34...creating Relationship Meta for SchedulersJob
2022-04-07 05:14:34...processing table contacts
2022-04-07 05:14:34...creating table contacts
2022-04-07 05:14:34...creating Relationship Meta for Contact
2022-04-07 05:14:34...processing table accounts
2022-04-07 05:14:34...creating table accounts
2022-04-07 05:14:34...creating Relationship Meta for Account
2022-04-07 05:14:34...processing table opportunities
2022-04-07 05:14:35...creating table opportunities
2022-04-07 05:14:35...creating Relationship Meta for Opportunity
2022-04-07 05:14:35...processing table email_templates
2022-04-07 05:14:35...creating table email_templates
2022-04-07 05:14:35...creating Relationship Meta for EmailTemplate
2022-04-07 05:14:35...processing table notes
2022-04-07 05:14:35...creating table notes
2022-04-07 05:14:35...creating Relationship Meta for Note
2022-04-07 05:14:35...processing table calls
2022-04-07 05:14:35...creating table calls
2022-04-07 05:14:35...creating Relationship Meta for Call
2022-04-07 05:14:35...processing table emails
2022-04-07 05:14:35...creating table emails
2022-04-07 05:14:35...creating Relationship Meta for Email
2022-04-07 05:14:35...processing table meetings
2022-04-07 05:14:35...creating table meetings
2022-04-07 05:14:35...creating Relationship Meta for Meeting
2022-04-07 05:14:35...processing table tasks
2022-04-07 05:14:35...creating table tasks
2022-04-07 05:14:35...creating Relationship Meta for Task
2022-04-07 05:14:35...processing table users
2022-04-07 05:14:35...processing table users
2022-04-07 05:14:35...processing table currencies
2022-04-07 05:14:35...creating table currencies
2022-04-07 05:14:35...creating Relationship Meta for Currency
2022-04-07 05:14:35...processing table tracker
2022-04-07 05:14:35...creating table tracker
2022-04-07 05:14:35...creating Relationship Meta for Tracker
2022-04-07 05:14:35...processing table import_maps
2022-04-07 05:14:36...creating table import_maps
2022-04-07 05:14:36...creating Relationship Meta for ImportMap
2022-04-07 05:14:36...processing table users_last_import
2022-04-07 05:14:36...creating table users_last_import
2022-04-07 05:14:36...creating Relationship Meta for UsersLastImport
2022-04-07 05:14:36...processing table config
2022-04-07 05:14:36...creating table config
2022-04-07 05:14:36...creating Relationship Meta for Administration
2022-04-07 05:14:36...processing table upgrade_history
2022-04-07 05:14:36...creating table upgrade_history
2022-04-07 05:14:36...creating Relationship Meta for UpgradeHistory
2022-04-07 05:14:36...processing table vcals
2022-04-07 05:14:36...creating table vcals
2022-04-07 05:14:36...creating Relationship Meta for vCal
2022-04-07 05:14:36...processing table alerts
2022-04-07 05:14:36...creating table alerts
2022-04-07 05:14:36...creating Relationship Meta for Alert
2022-04-07 05:14:36...processing table roles
2022-04-07 05:14:36...creating table roles
2022-04-07 05:14:36...creating Relationship Meta for Role
2022-04-07 05:14:36...processing table documents
2022-04-07 05:14:36...creating table documents
2022-04-07 05:14:36...creating Relationship Meta for Document
2022-04-07 05:14:36...processing table document_revisions
2022-04-07 05:14:36...creating table document_revisions
2022-04-07 05:14:36...creating Relationship Meta for DocumentRevision
2022-04-07 05:14:36...processing table fields_meta_data
2022-04-07 05:14:36...creating table fields_meta_data
2022-04-07 05:14:36...creating Relationship Meta for FieldsMetaData
2022-04-07 05:14:36...processing table 
2022-04-07 05:14:36...processing table inbound_email
2022-04-07 05:14:36...creating table inbound_email
2022-04-07 05:14:36...creating Relationship Meta for InboundEmail
2022-04-07 05:14:36...processing table saved_search
2022-04-07 05:14:36...creating table saved_search
2022-04-07 05:14:36...creating Relationship Meta for SavedSearch
2022-04-07 05:14:36...processing table user_preferences
2022-04-07 05:14:36...creating table user_preferences
2022-04-07 05:14:36...creating Relationship Meta for UserPreference
2022-04-07 05:14:36...processing table 
2022-04-07 05:14:36...processing table email_addresses
2022-04-07 05:14:36...creating table email_addresses
2022-04-07 05:14:36...creating Relationship Meta for EmailAddress
2022-04-07 05:14:36...processing table emails_text
2022-04-07 05:14:36...creating table emails_text
2022-04-07 05:14:36...creating Relationship Meta for EmailText
2022-04-07 05:14:36...processing table spots
2022-04-07 05:14:36...creating table spots
2022-04-07 05:14:36...creating Relationship Meta for Spots
2022-04-07 05:14:36...processing table aobh_businesshours
2022-04-07 05:14:36...creating table aobh_businesshours
2022-04-07 05:14:36...creating Relationship Meta for AOBH_BusinessHours
2022-04-07 05:14:36...processing table sugarfeed
2022-04-07 05:14:36...creating table sugarfeed
2022-04-07 05:14:36...creating Relationship Meta for SugarFeed
2022-04-07 05:14:36...processing table eapm
2022-04-07 05:14:36...creating table eapm
2022-04-07 05:14:36...creating Relationship Meta for EAPM
2022-04-07 05:14:36...processing table oauth_consumer
2022-04-07 05:14:36...creating table oauth_consumer
2022-04-07 05:14:36...creating Relationship Meta for OAuthKey
2022-04-07 05:14:36...processing table oauth_tokens
2022-04-07 05:14:36...creating table oauth_tokens
2022-04-07 05:14:36...creating Relationship Meta for OAuthToken
2022-04-07 05:14:36...processing table am_projecttemplates
2022-04-07 05:14:37...creating table am_projecttemplates
2022-04-07 05:14:37...creating Relationship Meta for AM_ProjectTemplates
2022-04-07 05:14:37...processing table am_tasktemplates
2022-04-07 05:14:37...creating table am_tasktemplates
2022-04-07 05:14:37...creating Relationship Meta for AM_TaskTemplates
2022-04-07 05:14:37...processing table favorites
2022-04-07 05:14:37...creating table favorites
2022-04-07 05:14:37...creating Relationship Meta for Favorites
2022-04-07 05:14:37...processing table aok_knowledge_base_categories
2022-04-07 05:14:37...creating table aok_knowledge_base_categories
2022-04-07 05:14:37...creating Relationship Meta for AOK_Knowledge_Base_Categories
2022-04-07 05:14:37...processing table aok_knowledgebase
2022-04-07 05:14:37...creating table aok_knowledgebase
2022-04-07 05:14:37...creating Relationship Meta for AOK_KnowledgeBase
2022-04-07 05:14:37...processing table reminders
2022-04-07 05:14:37...creating table reminders
2022-04-07 05:14:37...creating Relationship Meta for Reminder
2022-04-07 05:14:37...processing table reminders_invitees
2022-04-07 05:14:37...creating table reminders_invitees
2022-04-07 05:14:37...creating Relationship Meta for Reminder_Invitee
2022-04-07 05:14:37...processing table fp_events
2022-04-07 05:14:37...creating table fp_events
2022-04-07 05:14:37...creating Relationship Meta for FP_events
2022-04-07 05:14:37...processing table fp_event_locations
2022-04-07 05:14:37...creating table fp_event_locations
2022-04-07 05:14:37...creating Relationship Meta for FP_Event_Locations
2022-04-07 05:14:37...processing table aod_indexevent
2022-04-07 05:14:38...creating table aod_indexevent
2022-04-07 05:14:38...creating Relationship Meta for AOD_IndexEvent
2022-04-07 05:14:38...processing table aod_index
2022-04-07 05:14:38...creating table aod_index
2022-04-07 05:14:38...creating Relationship Meta for AOD_Index
2022-04-07 05:14:38...processing table aop_case_events
2022-04-07 05:14:38...creating table aop_case_events
2022-04-07 05:14:38...creating Relationship Meta for AOP_Case_Events
2022-04-07 05:14:38...processing table aop_case_updates
2022-04-07 05:14:38...creating table aop_case_updates
2022-04-07 05:14:38...creating Relationship Meta for AOP_Case_Updates
2022-04-07 05:14:38...processing table aor_reports
2022-04-07 05:14:38...creating table aor_reports
2022-04-07 05:14:38...creating Relationship Meta for AOR_Report
2022-04-07 05:14:38...processing table aor_fields
2022-04-07 05:14:38...creating table aor_fields
2022-04-07 05:14:38...creating Relationship Meta for AOR_Field
2022-04-07 05:14:38...processing table aor_charts
2022-04-07 05:14:38...creating table aor_charts
2022-04-07 05:14:38...creating Relationship Meta for AOR_Chart
2022-04-07 05:14:38...processing table aor_conditions
2022-04-07 05:14:38...creating table aor_conditions
2022-04-07 05:14:38...creating Relationship Meta for AOR_Condition
2022-04-07 05:14:38...processing table aor_scheduled_reports
2022-04-07 05:14:38...creating table aor_scheduled_reports
2022-04-07 05:14:38...creating Relationship Meta for AOR_Scheduled_Reports
2022-04-07 05:14:38...processing table aos_contracts
2022-04-07 05:14:38...creating table aos_contracts
2022-04-07 05:14:38...creating Relationship Meta for AOS_Contracts
2022-04-07 05:14:38...processing table aos_invoices
2022-04-07 05:14:39...creating table aos_invoices
2022-04-07 05:14:39...creating Relationship Meta for AOS_Invoices
2022-04-07 05:14:39...processing table aos_pdf_templates
2022-04-07 05:14:39...creating table aos_pdf_templates
2022-04-07 05:14:39...creating Relationship Meta for AOS_PDF_Templates
2022-04-07 05:14:39...processing table aos_product_categories
2022-04-07 05:14:39...creating table aos_product_categories
2022-04-07 05:14:39...creating Relationship Meta for AOS_Product_Categories
2022-04-07 05:14:39...processing table aos_products
2022-04-07 05:14:39...creating table aos_products
2022-04-07 05:14:39...creating Relationship Meta for AOS_Products
2022-04-07 05:14:39...processing table aos_products_quotes
2022-04-07 05:14:39...creating table aos_products_quotes
2022-04-07 05:14:39...creating Relationship Meta for AOS_Products_Quotes
2022-04-07 05:14:39...processing table aos_line_item_groups
2022-04-07 05:14:39...creating table aos_line_item_groups
2022-04-07 05:14:39...creating Relationship Meta for AOS_Line_Item_Groups
2022-04-07 05:14:39...processing table aos_quotes
2022-04-07 05:14:39...creating table aos_quotes
2022-04-07 05:14:39...creating Relationship Meta for AOS_Quotes
2022-04-07 05:14:39...processing table aow_actions
2022-04-07 05:14:39...creating table aow_actions
2022-04-07 05:14:39...creating Relationship Meta for AOW_Action
2022-04-07 05:14:39...processing table aow_workflow
2022-04-07 05:14:39...creating table aow_workflow
2022-04-07 05:14:39...creating Relationship Meta for AOW_WorkFlow
2022-04-07 05:14:39...processing table aow_processed
2022-04-07 05:14:40...creating table aow_processed
2022-04-07 05:14:40...creating Relationship Meta for AOW_Processed
2022-04-07 05:14:40...processing table aow_conditions
2022-04-07 05:14:40...creating table aow_conditions
2022-04-07 05:14:40...creating Relationship Meta for AOW_Condition
2022-04-07 05:14:40...processing table jjwg_maps
2022-04-07 05:14:40...creating table jjwg_maps
2022-04-07 05:14:40...creating Relationship Meta for jjwg_Maps
2022-04-07 05:14:40...processing table jjwg_markers
2022-04-07 05:14:40...creating table jjwg_markers
2022-04-07 05:14:40...creating Relationship Meta for jjwg_Markers
2022-04-07 05:14:40...processing table jjwg_areas
2022-04-07 05:14:40...creating table jjwg_areas
2022-04-07 05:14:40...creating Relationship Meta for jjwg_Areas
2022-04-07 05:14:40...processing table jjwg_address_cache
2022-04-07 05:14:40...creating table jjwg_address_cache
2022-04-07 05:14:40...creating Relationship Meta for jjwg_Address_Cache
2022-04-07 05:14:40...processing table calls_reschedule
2022-04-07 05:14:40...creating table calls_reschedule
2022-04-07 05:14:40...creating Relationship Meta for Calls_Reschedule
2022-04-07 05:14:40...processing table securitygroups
2022-04-07 05:14:40...creating table securitygroups
2022-04-07 05:14:40...creating Relationship Meta for SecurityGroup
2022-04-07 05:14:40...processing table outbound_email
2022-04-07 05:14:41...creating table outbound_email
2022-04-07 05:14:41...creating Relationship Meta for OutboundEmailAccounts
2022-04-07 05:14:41...processing table templatesectionline
2022-04-07 05:14:41...creating table templatesectionline
2022-04-07 05:14:41...creating Relationship Meta for TemplateSectionLine
2022-04-07 05:14:41...processing table oauth2tokens
2022-04-07 05:14:41...creating table oauth2tokens
2022-04-07 05:14:41...creating Relationship Meta for OAuth2Tokens
2022-04-07 05:14:41...processing table oauth2clients
2022-04-07 05:14:41...creating table oauth2clients
2022-04-07 05:14:41...creating Relationship Meta for OAuth2Clients
2022-04-07 05:14:41...processing table surveyresponses
2022-04-07 05:14:41...creating table surveyresponses
2022-04-07 05:14:41...creating Relationship Meta for SurveyResponses
2022-04-07 05:14:41...processing table surveys
2022-04-07 05:14:41...creating table surveys
2022-04-07 05:14:41...creating Relationship Meta for Surveys
2022-04-07 05:14:41...processing table surveyquestionresponses
2022-04-07 05:14:41...creating table surveyquestionresponses
2022-04-07 05:14:41...creating Relationship Meta for SurveyQuestionResponses
2022-04-07 05:14:41...processing table surveyquestions
2022-04-07 05:14:41...creating table surveyquestions
2022-04-07 05:14:41...creating Relationship Meta for SurveyQuestions
2022-04-07 05:14:41...processing table surveyquestionoptions
2022-04-07 05:14:41...creating table surveyquestionoptions
2022-04-07 05:14:41...creating Relationship Meta for SurveyQuestionOptions
2022-04-07 05:14:44...Begin creating Defaults
2022-04-07 05:14:44...insert defaults into config table
2022-04-07 05:14:44...Creating default users
2022-04-07 05:14:44...Creating default scheduler jobs
2022-04-07 05:14:44...Enable SugarFeeds
2022-04-07 05:14:44...Installation has completed *********
2022-04-07 05:14:49...populating the db with seed data
2022-04-07 05:14:49...Save configuration settings..
2022-04-07 05:14:49...save locale
2022-04-07 05:14:49...new Administration
2022-04-07 05:14:49...retrieveSettings
2022-04-07 05:14:49...AdminWizard OFF
2022-04-07 05:14:49...saveConfig
2022-04-07 05:14:49...new Configurator
2022-04-07 05:14:49...populateFromPost
2022-04-07 05:14:49...handleOverride
2022-04-07 05:14:49...addCronAllowedUser
2022-04-07 05:14:49...saveConfig
2022-04-07 05:14:49...new Currency
2022-04-07 05:14:49...retrieve
2022-04-07 05:14:49...DBG: save currency
2022-04-07 05:14:49...Save user settings..
2022-04-07 05:14:49...DBG: SugarThemeRegistry::getDefault
2022-04-07 05:15:03...installerHook: Info: custom/install/install_hooks.php not present, no custom hooks to execute